Arguments: 
  C:\Program Files\nodejs\node.exe C:\Users\Administrator\AppData\Roaming\npm\node_modules\yarn\bin\yarn.js add bootstrap

PATH: 
  C:\Windows\system32;C:\Windows;C:\Windows\System32\Wbem;C:\Windows\System32\WindowsPowerShell\v1.0\;C:\Program Files\nodejs\;C:\Program Files (x86)\Tencent\QQ\Bin;E:\ruanjian\WebStorm 2017.1.4\bin\;C:\Users\Administrator\AppData\Roaming\npm;D:\Program Files (x86)\DriverGenius;D:\Program Files (x86)\DriverGenius\ksoft

Yarn version: 
  1.2.1

Node version: 
  8.4.0

Platform: 
  win32 x64

npm manifest: 
  {
    "name": "vue-blog",
    "version": "1.0.0",
    "description": "",
    "main": "index.js",
    "scripts": {
      "test": "echo \"Error: no test specified\" && exit 1"
    },
    "keywords": [],
    "author": "",
    "license": "ISC",
    "dependencies": {
      "async": "^2.5.0",
      "body-parser": "^1.18.2",
      "connect-flash": "^0.1.1",
      "connect-mongo": "^2.0.0",
      "cookie-parser": "^1.4.3",
      "debug": "^3.1.0",
      "ejs": "^2.5.7",
      "express": "^4.16.2",
      "express-session": "^1.15.6",
      "mongoose": "^4.12.4",
      "morgan": "^1.9.0",
      "multer": "^1.3.0",
      "serve-favicon": "^2.4.5"
    }
  }

yarn manifest: 
  No manifest

Lockfile: 
  No lockfile

Trace: 
  Error: connect ETIMEDOUT 151.101.196.162:443
      at Object._errnoException (util.js:1041:11)
      at _exceptionWithHostPort (util.js:1064:20)
      at TCPConnectWrap.afterConnect [as oncomplete] (net.js:1153:14)
